<?xml version="1.0" encoding="UTF-8"?>
<testng-results ignored="0" total="1" passed="1" failed="0" skipped="0">
  <reporter-output>
  </reporter-output>
  <suite started-at="2022-11-19T13:39:59 IST" name="Suite" finished-at="2022-11-19T13:40:12 IST" duration-ms="13043">
    <groups>
    </groups>
    <test started-at="2022-11-19T13:39:59 IST" name="Test" finished-at="2022-11-19T13:40:12 IST" duration-ms="13043">
      <class name="tests.LoginTest">
        <test-method is-config="true" signature="launchApp()[pri:0, instance:tests.LoginTest@3527942a]" started-at="2022-11-19T13:39:59 IST" name="launchApp" finished-at="2022-11-19T13:40:03 IST" duration-ms="4441" status="PASS">
          <reporter-output>
          </reporter-output>
        </test-method> <!-- launchApp -->
        <test-method signature="verifyLoginFeature()[pri:0, instance:tests.LoginTest@3527942a]" started-at="2022-11-19T13:40:03 IST" name="verifyLoginFeature" finished-at="2022-11-19T13:40:10 IST" duration-ms="6375" status="PASS">
          <reporter-output>
          </reporter-output>
        </test-method> <!-- verifyLoginFeature -->
        <test-method is-config="true" signature="closeApp()[pri:0, instance:tests.LoginTest@3527942a]" started-at="2022-11-19T13:40:10 IST" name="closeApp" finished-at="2022-11-19T13:40:12 IST" duration-ms="2161" status="PASS">
          <reporter-output>
          </reporter-output>
        </test-method> <!-- closeApp -->
      </class> <!-- tests.LoginTest -->
    </test> <!-- Test -->
  </suite> <!-- Suite -->
</testng-results>
