<?xml version="1.0" encoding="UTF-8"?>
<testng-results ignored="0" total="1" passed="1" failed="0" skipped="0">
  <reporter-output>
  </reporter-output>
  <suite started-at="2022-11-19T08:10:39Z" name="Suite" finished-at="2022-11-19T08:10:53Z" duration-ms="13976">
    <groups>
    </groups>
    <test started-at="2022-11-19T08:10:39Z" name="Test" finished-at="2022-11-19T08:10:53Z" duration-ms="13976">
      <class name="tests.LoginTest">
        <test-method is-config="true" signature="launchApp()[pri:0, instance:tests.LoginTest@4da4253]" started-at="2022-11-19T08:10:39Z" name="launchApp" finished-at="2022-11-19T08:10:45Z" duration-ms="6040" status="PASS">
          <reporter-output>
          </reporter-output>
        </test-method> <!-- launchApp -->
        <test-method signature="verifyLoginFeature()[pri:0, instance:tests.LoginTest@4da4253]" started-at="2022-11-19T08:10:45Z" name="verifyLoginFeature" finished-at="2022-11-19T08:10:51Z" duration-ms="5751" status="PASS">
          <reporter-output>
          </reporter-output>
        </test-method> <!-- verifyLoginFeature -->
        <test-method is-config="true" signature="closeApp()[pri:0, instance:tests.LoginTest@4da4253]" started-at="2022-11-19T08:10:51Z" name="closeApp" finished-at="2022-11-19T08:10:53Z" duration-ms="2140" status="PASS">
          <reporter-output>
          </reporter-output>
        </test-method> <!-- closeApp -->
      </class> <!-- tests.LoginTest -->
    </test> <!-- Test -->
  </suite> <!-- Suite -->
</testng-results>
